
=== Mon Oct 25 22:25:59 2021

Packages were changed.
Update Mode: mergeDefaultDependencies

The following packages were added:
  com.unity.collab-proxy@1.13.5
  com.unity.ide.rider@2.0.7
  com.unity.ide.visualstudio@2.0.11
  com.unity.ide.vscode@1.2.4
  com.unity.modules.ai@1.0.0
  com.unity.modules.androidjni@1.0.0
  com.unity.modules.animation@1.0.0
  com.unity.modules.assetbundle@1.0.0
  com.unity.modules.audio@1.0.0
  com.unity.modules.cloth@1.0.0
  com.unity.modules.director@1.0.0
  com.unity.modules.imageconversion@1.0.0
  com.unity.modules.imgui@1.0.0
  com.unity.modules.jsonserialize@1.0.0
  com.unity.modules.physics@1.0.0
  com.unity.modules.screencapture@1.0.0
  com.unity.modules.terrain@1.0.0
  com.unity.modules.terrainphysics@1.0.0
  com.unity.modules.tilemap@1.0.0
  com.unity.modules.ui@1.0.0
  com.unity.modules.uielements@1.0.0
  com.unity.modules.umbra@1.0.0
  com.unity.modules.unityanalytics@1.0.0
  com.unity.modules.unitywebrequestassetbundle@1.0.0
  com.unity.modules.unitywebrequestaudio@1.0.0
  com.unity.modules.unitywebrequesttexture@1.0.0
  com.unity.modules.unitywebrequestwww@1.0.0
  com.unity.modules.vehicles@1.0.0
  com.unity.modules.video@1.0.0
  com.unity.modules.vr@1.0.0
  com.unity.modules.wind@1.0.0
  com.unity.test-framework@1.1.29
  com.unity.textmeshpro@3.0.6
  com.unity.timeline@1.4.8
  com.unity.ugui@1.0.0
The following packages were updated:
  com.unity.xr.arcore from version 4.0.12 to 4.1.7
  com.unity.xr.arfoundation from version 4.0.12 to 4.1.7
  com.unity.xr.arkit from version 4.0.12 to 4.1.7
  com.unity.xr.management from version 4.0.1 to 4.0.7
  com.unity.xr.windowsmr from version 4.4.1 to 4.6.0

=== Mon Nov 22 07:05:16 2021

Packages were changed.
Update Mode: mergeDefaultDependencies

The following packages were added:
  com.unity.2d.sprite@1.0.0
  com.unity.2d.tilemap@1.0.0
  com.unity.postprocessing@2.3.0
  com.unity.progrids@3.0.3-preview.4

=== Thu Nov 25 20:09:21 2021

Packages were changed.
Update Mode: updateDependencies

The following packages were updated:
  com.unity.ide.rider from version 2.0.7 to 3.0.7
  com.unity.postprocessing from version 2.3.0 to 3.1.1
  com.unity.timeline from version 1.4.8 to 1.5.6
  com.unity.xr.management from version 4.0.7 to 4.1.0
  com.unity.xr.windowsmr from version 4.6.0 to 5.3.0

=== Sat Dec  4 17:37:11 2021

Packages were changed.
Update Mode: updateDependencies

The following packages were updated:
  com.unity.cinemachine from version 2.7.9 to 2.8.2
  com.unity.collab-proxy from version 1.13.5 to 1.15.4
  com.unity.inputsystem from version 1.0.2 to 1.2.0
  com.unity.learn.iet-framework from version 1.2.3 to 2.1.1
  com.unity.timeline from version 1.5.6 to 1.6.2
  com.unity.xr.arcore from version 4.1.7 to 4.2.1
  com.unity.xr.arfoundation from version 4.1.7 to 4.2.1
  com.unity.xr.arkit from version 4.1.7 to 4.2.1
  com.unity.xr.magicleap from version 6.2.2 to 6.4.1
  com.unity.xr.management from version 4.1.0 to 4.2.0
The following packages were removed:
  com.unity.xr.windowsmr@5.3.0
